-------------------------------------------------------------------------------
Test set: TestSuite
-------------------------------------------------------------------------------
Tests run: 1, Failures: 1, Errors: 0, Skipped: 0, Time elapsed: 1.28 s <<< FAILURE! - in TestSuite
testngDemo.TimeSpinner.TimeTest  Time elapsed: 0.049 s  <<< FAILURE!
java.lang.NullPointerException: Cannot invoke "io.appium.java_client.android.AndroidDriver.findElement(org.openqa.selenium.By)" because "this.driver" is null
	at testngDemo.TimeSpinner.TimeTest(TimeSpinner.java:40)

